# Task 4 - GREEN Phase Evidence

**Date:** 2026-02-27
**Task:** Implement convertWeightToPounds function in TDD GREEN phase

## Test Results

```
PASS lib/consolidation/__tests__/result-normalizer.test.ts
  convertWeightToPounds
    √ converts ounces to pounds - "16 oz" → "1.00" (4 ms)
    √ converts pounds directly - "5 lb" → "5.00" (1 ms)
    √ converts pounds and ounces combined - "1 lb 8 oz" → "1.50"
    √ converts grams to pounds - "500 g" → "1.10" (1 ms)
    √ returns null for N/A - "N/A" → null (1 ms)
    √ returns null for empty string - "" → null (1 ms)
    √ returns null for invalid input - "invalid" → null (1 ms)

Test Suites: 1 passed, 1 total
Tests:       7 passed, 7 total
```

## Implementation Details

The `convertWeightToPounds` function was implemented in `lib/consolidation/result-normalizer.ts`:

- Handles ounces to pounds conversion (16 oz = 1 lb)
- Handles pounds directly
- Handles compound units (1 lb 8 oz = 1.50 lb)
- Handles grams to pounds (453.592 g = 1 lb)
- Returns null for invalid inputs (N/A, empty, unparseable)
- Returns exactly 2 decimal places

## Verification

All 7 tests PASSED in GREEN phase.
